<?xml version="1.0" encoding="UTF-8"?>
<!-- Generated by org.testng.reporters.JUnitReportReporter -->
<testsuite hostname="IN-30QJ1J3" failures="0" tests="2" name="com.FresherTraining_ExitTest.tests.FashionOpTest" time="36.954" errors="0" timestamp="2022-07-14T22:03:58 IST" skipped="0">
  <testcase classname="com.FresherTraining_ExitTest.tests.FashionOpTest" name="Check_MensFashion_Op" time="17.415"/>
  <system-out/>
  <testcase classname="com.FresherTraining_ExitTest.tests.FashionOpTest" name="Check_WomenWestern_Option" time="19.539"/>
  <system-out/>
</testsuite> <!-- com.FresherTraining_ExitTest.tests.FashionOpTest -->
