<?xml version="1.0" encoding="UTF-8"?>
<!-- Generated by org.testng.reporters.JUnitReportReporter -->
<testsuite hostname="IN-30QJ1J3" failures="0" tests="1" name="com.FresherTraining_ExitTest.tests.RegistrationTest" time="11.701" errors="0" timestamp="2022-07-11T15:02:06 IST" skipped="0">
  <testcase classname="com.FresherTraining_ExitTest.tests.RegistrationTest" name="registration" time="11.701"/>
  <system-out/>
</testsuite> <!-- com.FresherTraining_ExitTest.tests.RegistrationTest -->
