<?xml version="1.0" encoding="UTF-8"?>
<!-- Generated by org.testng.reporters.JUnitReportReporter -->
<testsuite hostname="IN-30QJ1J3" failures="0" tests="1" name="com.FresherTraining_ExitTest.tests.TravelTest" time="13.307" errors="0" timestamp="2022-07-12T15:58:44 IST" skipped="0">
  <testcase classname="com.FresherTraining_ExitTest.tests.TravelTest" name="ValidCities" time="13.307"/>
  <system-out/>
</testsuite> <!-- com.FresherTraining_ExitTest.tests.TravelTest -->
