<?xml version="1.0" encoding="UTF-8"?>
<!-- Generated by org.testng.reporters.JUnitReportReporter -->
<testsuite hostname="IN-30QJ1J3" failures="0" tests="2" name="com.FresherTraining_ExitTest.tests.BeautyToysMoreTest" time="28.532" errors="0" timestamp="2022-07-14T19:40:03 IST" skipped="0">
  <testcase classname="com.FresherTraining_ExitTest.tests.BeautyToysMoreTest" name="Check_Beauty_Personal_Care_Op" time="14.284"/>
  <system-out/>
  <testcase classname="com.FresherTraining_ExitTest.tests.BeautyToysMoreTest" name="Check_Foods_and_Drinks_Op" time="14.248"/>
  <system-out/>
</testsuite> <!-- com.FresherTraining_ExitTest.tests.BeautyToysMoreTest -->
