<?xml version="1.0" encoding="UTF-8"?>
<!-- Generated by org.testng.reporters.JUnitReportReporter -->
<testsuite hostname="IN-30QJ1J3" failures="0" tests="4" name="com.FresherTraining_ExitTest.tests.BeautyToysMoreTest" time="63.195" errors="0" timestamp="2022-07-12T11:25:32 IST" skipped="0">
  <testcase classname="com.FresherTraining_ExitTest.tests.BeautyToysMoreTest" name="Check_Beauty_Personal_Care_Op" time="16.612"/>
  <system-out/>
  <testcase classname="com.FresherTraining_ExitTest.tests.BeautyToysMoreTest" name="Check_Foods_and_Drinks_Op" time="12.496"/>
  <system-out/>
  <testcase classname="com.FresherTraining_ExitTest.tests.BeautyToysMoreTest" name="Check_BabyCare_Op" time="16.682"/>
  <system-out/>
  <testcase classname="com.FresherTraining_ExitTest.tests.BeautyToysMoreTest" name="Check_Books_Op" time="17.405"/>
  <system-out/>
</testsuite> <!-- com.FresherTraining_ExitTest.tests.BeautyToysMoreTest -->
