<?xml version="1.0" encoding="UTF-8"?>
<!-- Generated by org.testng.reporters.JUnitReportReporter -->
<testsuite hostname="IN-30QJ1J3" failures="0" tests="1" name="com.FresherTraining_ExitTest.tests.FlipkartPlusTest" time="12.272" errors="0" timestamp="2022-07-14T18:10:16 IST" skipped="0">
  <testcase classname="com.FresherTraining_ExitTest.tests.FlipkartPlusTest" name="Check_Offer_ProductAt1" time="12.272"/>
  <system-out/>
</testsuite> <!-- com.FresherTraining_ExitTest.tests.FlipkartPlusTest -->
