<?xml version="1.0" encoding="UTF-8"?>
<!-- Generated by org.testng.reporters.JUnitReportReporter -->
<testsuite hostname="IN-30QJ1J3" failures="0" tests="3" name="com.FresherTraining_ExitTest.tests.FlipkartPlusTest" time="52.891" errors="0" timestamp="2022-07-12T19:04:09 IST" skipped="0">
  <testcase classname="com.FresherTraining_ExitTest.tests.FlipkartPlusTest" name="Open_FlipKartPlus" time="12.023"/>
  <system-out/>
  <testcase classname="com.FresherTraining_ExitTest.tests.FlipkartPlusTest" name="Check_Offer_ProductAt1" time="24.656"/>
  <system-out/>
  <testcase classname="com.FresherTraining_ExitTest.tests.FlipkartPlusTest" name="Check_Offer_GetExtra10" time="16.212"/>
  <system-out/>
</testsuite> <!-- com.FresherTraining_ExitTest.tests.FlipkartPlusTest -->
