<?xml version="1.0" encoding="UTF-8"?>
<!-- Generated by org.testng.reporters.JUnitReportReporter -->
<testsuite hostname="IN-30QJ1J3" failures="0" tests="4" name="com.FresherTraining_ExitTest.tests.LoginTest" time="19.268" errors="0" timestamp="2022-07-14T22:03:58 IST" skipped="0">
  <testcase classname="com.FresherTraining_ExitTest.tests.LoginTest" name="validLogin" time="4.742"/>
  <system-out/>
  <testcase classname="com.FresherTraining_ExitTest.tests.LoginTest" name="Invalidlogin" time="4.799"/>
  <system-out/>
  <testcase classname="com.FresherTraining_ExitTest.tests.LoginTest" name="BlankMobileNumber" time="5.042"/>
  <system-out/>
  <testcase classname="com.FresherTraining_ExitTest.tests.LoginTest" name="BlankPassword" time="4.685"/>
  <system-out/>
</testsuite> <!-- com.FresherTraining_ExitTest.tests.LoginTest -->
