<?xml version="1.0" encoding="UTF-8"?>
<!-- Generated by org.testng.reporters.JUnitReportReporter -->
<testsuite hostname="IN-30QJ1J3" failures="0" tests="4" name="com.FresherTraining_ExitTest.tests.MyProfileTest" time="55.346" errors="0" timestamp="2022-07-14T22:03:58 IST" skipped="0">
  <testcase classname="com.FresherTraining_ExitTest.tests.MyProfileTest" name="Enter_CorrectPersonalInfo" time="13.219"/>
  <system-out/>
  <testcase classname="com.FresherTraining_ExitTest.tests.MyProfileTest" name="Enter_Incorrect_PersonalInfo" time="14.275"/>
  <system-out/>
  <testcase classname="com.FresherTraining_ExitTest.tests.MyProfileTest" name="Blank_FirstName" time="14.531"/>
  <system-out/>
  <testcase classname="com.FresherTraining_ExitTest.tests.MyProfileTest" name="Blank_LastName" time="13.321"/>
  <system-out/>
</testsuite> <!-- com.FresherTraining_ExitTest.tests.MyProfileTest -->
