<?xml version="1.0" encoding="UTF-8"?>
<!-- Generated by org.testng.reporters.JUnitReportReporter -->
<testsuite hostname="IN-30QJ1J3" failures="0" tests="2" name="com.FresherTraining_ExitTest.tests.GiftCardsTest" time="25.144" errors="0" timestamp="2022-07-14T19:17:13 IST" skipped="0">
  <testcase classname="com.FresherTraining_ExitTest.tests.GiftCardsTest" name="Check_DigitalGiftCards" time="12.270"/>
  <system-out/>
  <testcase classname="com.FresherTraining_ExitTest.tests.GiftCardsTest" name="Check_PhysicalGiftCards" time="12.874"/>
  <system-out/>
</testsuite> <!-- com.FresherTraining_ExitTest.tests.GiftCardsTest -->
