<?xml version="1.0" encoding="UTF-8"?>
<!-- Generated by org.testng.reporters.JUnitReportReporter -->
<testsuite hostname="IN-30QJ1J3" failures="0" tests="1" name="com.FresherTraining_ExitTest.tests.GroceryTest" time="11.303" errors="0" timestamp="2022-07-12T13:59:03 IST" skipped="0">
  <testcase classname="com.FresherTraining_ExitTest.tests.GroceryTest" name="ValidProduct" time="11.303"/>
  <system-out/>
</testsuite> <!-- com.FresherTraining_ExitTest.tests.GroceryTest -->
