<?xml version="1.0" encoding="UTF-8"?>
<!-- Generated by org.testng.reporters.JUnitReportReporter -->
<testsuite hostname="IN-30QJ1J3" failures="0" tests="1" name="com.FresherTraining_ExitTest.tests.MoreTest" time="42.381" errors="0" timestamp="2022-07-14T01:55:38 IST" skipped="0">
  <testcase classname="com.FresherTraining_ExitTest.tests.MoreTest" name="_24x7_Customer_Care_Op" time="42.381"/>
  <system-out/>
</testsuite> <!-- com.FresherTraining_ExitTest.tests.MoreTest -->
