<?xml version="1.0" encoding="UTF-8"?>
<!-- Generated by org.testng.reporters.JUnitReportReporter -->
<testsuite hostname="IN-30QJ1J3" failures="0" tests="1" name="com.FresherTraining_ExitTest.tests.CartTest" time="12.813" errors="0" timestamp="2022-07-14T15:26:10 IST" skipped="0">
  <testcase classname="com.FresherTraining_ExitTest.tests.CartTest" name="OpenCart" time="12.813"/>
  <system-out/>
</testsuite> <!-- com.FresherTraining_ExitTest.tests.CartTest -->
