<?xml version="1.0" encoding="UTF-8"?>
<!-- Generated by org.testng.reporters.JUnitReportReporter -->
<testsuite hostname="IN-30QJ1J3" failures="0" tests="1" name="com.FresherTraining_ExitTest.tests.ElectronicsTest" time="14.375" errors="0" timestamp="2022-07-14T13:00:16 IST" skipped="0">
  <testcase classname="com.FresherTraining_ExitTest.tests.ElectronicsTest" name="Check_MobileAccessory_Op" time="14.375"/>
  <system-out/>
</testsuite> <!-- com.FresherTraining_ExitTest.tests.ElectronicsTest -->
