<?xml version="1.0" encoding="UTF-8"?>
<!-- Generated by org.testng.reporters.JUnitReportReporter -->
<testsuite hostname="IN-30QJ1J3" failures="0" tests="2" name="com.FresherTraining_ExitTest.tests.SearchTest" time="20.679" errors="0" timestamp="2022-07-14T00:32:06 IST" skipped="0">
  <testcase classname="com.FresherTraining_ExitTest.tests.SearchTest" name="Valid_Search" time="10.622"/>
  <system-out/>
  <testcase classname="com.FresherTraining_ExitTest.tests.SearchTest" name="Invalid_Search" time="10.057"/>
  <system-out/>
</testsuite> <!-- com.FresherTraining_ExitTest.tests.SearchTest -->
