<?xml version="1.0" encoding="UTF-8"?>
<!-- Generated by org.testng.reporters.JUnitReportReporter -->
<testsuite hostname="IN-30QJ1J3" failures="0" tests="6" name="com.FresherTraining_ExitTest.tests.MobilesTest" time="137.968" errors="0" timestamp="2022-07-12T13:37:11 IST" skipped="0">
  <testcase classname="com.FresherTraining_ExitTest.tests.MobilesTest" name="Check_Mobiles_Op" time="37.571"/>
  <system-out/>
  <testcase classname="com.FresherTraining_ExitTest.tests.MobilesTest" name="Check_RealmeMobiles_Op" time="32.250"/>
  <system-out/>
  <testcase classname="com.FresherTraining_ExitTest.tests.MobilesTest" name="Check_PocoMobiles_Op" time="22.647"/>
  <system-out/>
  <testcase classname="com.FresherTraining_ExitTest.tests.MobilesTest" name="Check_NazroMobiles_Op" time="12.997"/>
  <system-out/>
  <testcase classname="com.FresherTraining_ExitTest.tests.MobilesTest" name="Check_OppoMobiles_Op" time="19.561"/>
  <system-out/>
  <testcase classname="com.FresherTraining_ExitTest.tests.MobilesTest" name="Check_ComingSoon_Op" time="12.942"/>
  <system-out/>
</testsuite> <!-- com.FresherTraining_ExitTest.tests.MobilesTest -->
