<?xml version="1.0" encoding="UTF-8"?>
<!-- Generated by org.testng.reporters.JUnitReportReporter -->
<testsuite hostname="IN-30QJ1J3" failures="0" tests="2" name="com.FresherTraining_ExitTest.tests.TravelTest" time="108.078" errors="0" timestamp="2022-07-14T22:13:04 IST" skipped="0">
  <testcase classname="com.FresherTraining_ExitTest.tests.TravelTest" name="ValidCities" time="83.225"/>
  <system-out/>
  <testcase classname="com.FresherTraining_ExitTest.tests.TravelTest" name="InvalidCities" time="24.853"/>
  <system-out/>
</testsuite> <!-- com.FresherTraining_ExitTest.tests.TravelTest -->
