<?xml version="1.0" encoding="UTF-8"?>
<!-- Generated by org.testng.reporters.JUnitReportReporter -->
<testsuite hostname="IN-30QJ1J3" failures="0" tests="2" name="com.FresherTraining_ExitTest.tests.HelpCenterTest" time="23.199" errors="0" timestamp="2022-07-13T01:12:20 IST" skipped="0">
  <testcase classname="com.FresherTraining_ExitTest.tests.HelpCenterTest" name="Check_Help_With_Orders" time="9.487"/>
  <system-out/>
  <testcase classname="com.FresherTraining_ExitTest.tests.HelpCenterTest" name="Check_Help_With_returns_refunds" time="13.712"/>
  <system-out/>
</testsuite> <!-- com.FresherTraining_ExitTest.tests.HelpCenterTest -->
