<?xml version="1.0" encoding="UTF-8"?>
<!-- Generated by org.testng.reporters.JUnitReportReporter -->
<testsuite hostname="IN-30QJ1J3" failures="0" tests="5" name="com.FresherTraining_ExitTest.tests.AppliancesTest" time="65.842" errors="0" timestamp="2022-07-12T13:16:31 IST" skipped="0">
  <testcase classname="com.FresherTraining_ExitTest.tests.AppliancesTest" name="Check_Appliances_Op" time="8.790"/>
  <system-out/>
  <testcase classname="com.FresherTraining_ExitTest.tests.AppliancesTest" name="Check_WashingMachine_Op" time="11.725"/>
  <system-out/>
  <testcase classname="com.FresherTraining_ExitTest.tests.AppliancesTest" name="Check_Telivisions_Op" time="18.303"/>
  <system-out/>
  <testcase classname="com.FresherTraining_ExitTest.tests.AppliancesTest" name="Check_AirConditioners_Op" time="11.245"/>
  <system-out/>
  <testcase classname="com.FresherTraining_ExitTest.tests.AppliancesTest" name="Check_FansAndCooler_Op" time="15.779"/>
  <system-out/>
</testsuite> <!-- com.FresherTraining_ExitTest.tests.AppliancesTest -->
