<?xml version="1.0" encoding="UTF-8"?>
<!-- Generated by org.testng.reporters.JUnitReportReporter -->
<testsuite hostname="IN-30QJ1J3" failures="0" tests="1" name="com.FresherTraining_ExitTest.tests.FashionOpTest" time="17.998" errors="0" timestamp="2022-07-14T14:50:39 IST" skipped="0">
  <testcase classname="com.FresherTraining_ExitTest.tests.FashionOpTest" name="Check_WomenWestern_Option" time="17.998"/>
  <system-out/>
</testsuite> <!-- com.FresherTraining_ExitTest.tests.FashionOpTest -->
