<?xml version="1.0" encoding="UTF-8"?>
<!-- Generated by org.testng.reporters.JUnitReportReporter -->
<testsuite hostname="IN-30QJ1J3" failures="0" tests="1" name="com.FresherTraining_ExitTest.tests.Option_BecomeSellerTest" time="12.565" errors="0" timestamp="2022-07-12T00:34:25 IST" skipped="0">
  <testcase classname="com.FresherTraining_ExitTest.tests.Option_BecomeSellerTest" name="Check_Services_For_Seller" time="12.565"/>
  <system-out/>
</testsuite> <!-- com.FresherTraining_ExitTest.tests.Option_BecomeSellerTest -->
