<?xml version="1.0" encoding="UTF-8"?>
<!-- Generated by org.testng.reporters.JUnitReportReporter -->
<testsuite hostname="IN-30QJ1J3" failures="0" tests="4" name="com.FresherTraining_ExitTest.tests.TopOffersTest" time="52.732" errors="0" timestamp="2022-07-12T16:37:41 IST" skipped="0">
  <testcase classname="com.FresherTraining_ExitTest.tests.TopOffersTest" name="Open_Travel" time="9.187"/>
  <system-out/>
  <testcase classname="com.FresherTraining_ExitTest.tests.TopOffersTest" name="Check_DealOfTheDay" time="11.644"/>
  <system-out/>
  <testcase classname="com.FresherTraining_ExitTest.tests.TopOffersTest" name="Check_FashionTopDeals" time="17.811"/>
  <system-out/>
  <testcase classname="com.FresherTraining_ExitTest.tests.TopOffersTest" name="Check_TopOffersOp" time="14.090"/>
  <system-out/>
</testsuite> <!-- com.FresherTraining_ExitTest.tests.TopOffersTest -->
