<?xml version="1.0" encoding="UTF-8"?>
<!-- Generated by org.testng.reporters.JUnitReportReporter -->
<testsuite hostname="IN-30QJ1J3" failures="0" tests="4" name="com.FresherTraining_ExitTest.tests.FlipkartAdvertiseTest" time="50.889" errors="0" timestamp="2022-07-13T15:25:18 IST" skipped="0">
  <testcase classname="com.FresherTraining_ExitTest.tests.FlipkartAdvertiseTest" name="Open_Advertise_Op" time="10.710"/>
  <system-out/>
  <testcase classname="com.FresherTraining_ExitTest.tests.FlipkartAdvertiseTest" name="Search_Brands" time="13.512"/>
  <system-out/>
  <testcase classname="com.FresherTraining_ExitTest.tests.FlipkartAdvertiseTest" name="Incorect_Brands" time="13.679"/>
  <system-out/>
  <testcase classname="com.FresherTraining_ExitTest.tests.FlipkartAdvertiseTest" name="Check_FlipkartAdvertising" time="12.988"/>
  <system-out/>
</testsuite> <!-- com.FresherTraining_ExitTest.tests.FlipkartAdvertiseTest -->
