<?xml version="1.0" encoding="UTF-8"?>
<!-- Generated by org.testng.reporters.JUnitReportReporter -->
<testsuite hostname="IN-30QJ1J3" failures="0" tests="3" name="com.FresherTraining_ExitTest.tests.SocialPlatformsTest" time="35.297" errors="0" timestamp="2022-07-14T02:10:39 IST" skipped="0">
  <testcase classname="com.FresherTraining_ExitTest.tests.SocialPlatformsTest" name="Open_FaceBook" time="12.445"/>
  <system-out/>
  <testcase classname="com.FresherTraining_ExitTest.tests.SocialPlatformsTest" name="Open_Twitter" time="11.111"/>
  <system-out/>
  <testcase classname="com.FresherTraining_ExitTest.tests.SocialPlatformsTest" name="Open_YouTube" time="11.741"/>
  <system-out/>
</testsuite> <!-- com.FresherTraining_ExitTest.tests.SocialPlatformsTest -->
