<?xml version="1.0" encoding="UTF-8"?>
<!-- Generated by org.testng.reporters.JUnitReportReporter -->
<testsuite hostname="IN-30QJ1J3" failures="0" tests="3" name="com.FresherTraining_ExitTest.tests.BecomeSellerTest" time="38.062" errors="0" timestamp="2022-07-14T18:10:16 IST" skipped="0">
  <testcase classname="com.FresherTraining_ExitTest.tests.BecomeSellerTest" name="OpenBecomeSeller" time="12.951"/>
  <system-out/>
  <testcase classname="com.FresherTraining_ExitTest.tests.BecomeSellerTest" name="CheckFeeStructure" time="12.881"/>
  <system-out/>
  <testcase classname="com.FresherTraining_ExitTest.tests.BecomeSellerTest" name="Check_Services_For_Seller" time="12.230"/>
  <system-out/>
</testsuite> <!-- com.FresherTraining_ExitTest.tests.BecomeSellerTest -->
