<?xml version="1.0" encoding="UTF-8"?>
<!-- Generated by org.testng.reporters.JUnitReportReporter -->
<testsuite hostname="IN-30QJ1J3" failures="0" tests="3" name="com.FresherTraining_ExitTest.tests.TopOffersTest" time="35.266" errors="0" timestamp="2022-07-14T18:10:16 IST" skipped="0">
  <testcase classname="com.FresherTraining_ExitTest.tests.TopOffersTest" name="Open_Travel" time="8.623"/>
  <system-out/>
  <testcase classname="com.FresherTraining_ExitTest.tests.TopOffersTest" name="Check_FashionTopDeals" time="10.361"/>
  <system-out/>
  <testcase classname="com.FresherTraining_ExitTest.tests.TopOffersTest" name="Check_DealOfTheDay" time="16.282"/>
  <system-out/>
</testsuite> <!-- com.FresherTraining_ExitTest.tests.TopOffersTest -->
