<?xml version="1.0" encoding="UTF-8"?>
<!-- Generated by org.testng.reporters.JUnitReportReporter -->
<testsuite hostname="IN-30QJ1J3" failures="0" tests="5" name="com.FresherTraining_ExitTest.tests.GiftCardsTest" time="67.810" errors="0" timestamp="2022-07-14T00:15:41 IST" skipped="0">
  <testcase classname="com.FresherTraining_ExitTest.tests.GiftCardsTest" name="Open_GiftCards" time="9.354"/>
  <system-out/>
  <testcase classname="com.FresherTraining_ExitTest.tests.GiftCardsTest" name="Check_DigitalGiftCards" time="11.839"/>
  <system-out/>
  <testcase classname="com.FresherTraining_ExitTest.tests.GiftCardsTest" name="Check_PhysicalGiftCards" time="15.586"/>
  <system-out/>
  <testcase classname="com.FresherTraining_ExitTest.tests.GiftCardsTest" name="Check_GiftCard_Anniversary" time="15.694"/>
  <system-out/>
  <testcase classname="com.FresherTraining_ExitTest.tests.GiftCardsTest" name="Check_GiftCard_Birthdays" time="15.337"/>
  <system-out/>
</testsuite> <!-- com.FresherTraining_ExitTest.tests.GiftCardsTest -->
