<?xml version="1.0" encoding="UTF-8"?>
<!-- Generated by org.testng.reporters.JUnitReportReporter -->
<testsuite hostname="IN-30QJ1J3" failures="0" tests="2" name="com.FresherTraining_ExitTest.tests.LoginTest" time="10.012" errors="0" timestamp="2022-07-11T23:26:35 IST" skipped="0">
  <testcase classname="com.FresherTraining_ExitTest.tests.LoginTest" name="Invalidlogin" time="5.425"/>
  <system-out/>
  <testcase classname="com.FresherTraining_ExitTest.tests.LoginTest" name="BlankPassword" time="4.587"/>
  <system-out/>
</testsuite> <!-- com.FresherTraining_ExitTest.tests.LoginTest -->
