<?xml version="1.0" encoding="UTF-8"?>
<!-- Generated by org.testng.reporters.JUnitReportReporter -->
<testsuite hostname="IN-30QJ1J3" failures="0" tests="2" name="com.FresherTraining_ExitTest.tests.HomeTest" time="31.698" errors="0" timestamp="2022-07-12T03:40:19 IST" skipped="0">
  <testcase classname="com.FresherTraining_ExitTest.tests.HomeTest" name="Check_Bedroom_Furnitur_Op" time="17.382"/>
  <system-out/>
  <testcase classname="com.FresherTraining_ExitTest.tests.HomeTest" name="Check_HomeDecor_Op" time="14.316"/>
  <system-out/>
</testsuite> <!-- com.FresherTraining_ExitTest.tests.HomeTest -->
